<?xml version="1.0" encoding="UTF-8"?>
<testng-results ignored="0" total="2" passed="2" failed="0" skipped="0">
  <reporter-output>
  </reporter-output>
  <suite started-at="2022-03-28T16:48:13 IST" name="Suite" finished-at="2022-03-28T16:48:13 IST" duration-ms="66">
    <groups>
    </groups>
    <test started-at="2022-03-28T16:48:13 IST" name="Test" finished-at="2022-03-28T16:48:13 IST" duration-ms="66">
      <class name="com.crm.CreateOrgTest.CreateOrgWithIndustry">
        <test-method signature="createOrgWithIndustry()[pri:0, instance:com.crm.CreateOrgTest.CreateOrgWithIndustry@212b5695]" started-at="2022-03-28T16:48:13 IST" name="createOrgWithIndustry" finished-at="2022-03-28T16:48:13 IST" duration-ms="2" status="PASS">
          <reporter-output>
          </reporter-output>
        </test-method> <!-- createOrgWithIndustry -->
      </class> <!-- com.crm.CreateOrgTest.CreateOrgWithIndustry -->
      <class name="com.crm.CreateOrgTest.CreateOrgTest">
        <test-method signature="createOrg()[pri:0, instance:com.crm.CreateOrgTest.CreateOrgTest@b62d79]" started-at="2022-03-28T16:48:13 IST" name="createOrg" finished-at="2022-03-28T16:48:13 IST" duration-ms="14" status="PASS">
          <reporter-output>
          </reporter-output>
        </test-method> <!-- createOrg -->
      </class> <!-- com.crm.CreateOrgTest.CreateOrgTest -->
    </test> <!-- Test -->
  </suite> <!-- Suite -->
</testng-results>
